<?xml version="1.0" encoding="UTF-8"?>
<testng-results skipped="0" failed="0" ignored="0" total="1" passed="1">
  <reporter-output>
  </reporter-output>
  <suite name="Default suite" duration-ms="24126" started-at="2020-02-16T18:37:20Z" finished-at="2020-02-16T18:37:44Z">
    <groups>
    </groups>
    <test name="Default test" duration-ms="24126" started-at="2020-02-16T18:37:20Z" finished-at="2020-02-16T18:37:44Z">
      <class name="tests.Add_Draft">
        <test-method status="PASS" signature="ClickDraft_Class()[pri:0, instance:tests.Add_Draft@3a82f6ef]" name="ClickDraft_Class" duration-ms="24020" started-at="2020-02-16T13:37:20Z" finished-at="2020-02-16T13:37:44Z">
          <reporter-output>
          </reporter-output>
        </test-method> <!-- ClickDraft_Class -->
      </class> <!-- tests.Add_Draft -->
    </test> <!-- Default test -->
  </suite> <!-- Default suite -->
</testng-results>
